<?xml version="1.0" encoding="UTF-8"?>
<coverage generated="1595500662675" clover="3.2.0">
  <project timestamp="1595500662676" name="All files">
    <metrics statements="93" coveredstatements="71" conditionals="18" coveredconditionals="17" methods="34" coveredmethods="27" elements="145" coveredelements="115" complexity="0" loc="93" ncloc="93" packages="1" files="7" classes="7"/>
    <file name="StringConverter.js" path="/home/antoine/code/codingame/Defibrillators/src/StringConverter.js">
      <metrics statements="4" coveredstatements="3" conditionals="2" coveredconditionals="2" methods="2" coveredmethods="1"/>
      <line num="3" count="0" type="stmt"/>
      <line num="10" count="1528" type="cond" truecount="2" falsecount="0"/>
      <line num="11" count="1" type="stmt"/>
      <line num="13" count="1527" type="stmt"/>
    </file>
    <file name="User.js" path="/home/antoine/code/codingame/Defibrillators/src/User.js">
      <metrics statements="4" coveredstatements="4" conditionals="0" coveredconditionals="0" methods="3" coveredmethods="3"/>
      <line num="7" count="7" type="stmt"/>
      <line num="8" count="7" type="stmt"/>
      <line num="12" count="505" type="stmt"/>
      <line num="16" count="1009" type="stmt"/>
    </file>
    <file name="algorithm.js" path="/home/antoine/code/codingame/Defibrillators/src/algorithm.js">
      <metrics statements="29" coveredstatements="19" conditionals="6" coveredconditionals="6" methods="8" coveredmethods="5"/>
      <line num="9" count="7" type="cond" truecount="2" falsecount="0"/>
      <line num="10" count="1" type="stmt"/>
      <line num="12" count="6" type="stmt"/>
      <line num="14" count="6" type="cond" truecount="2" falsecount="0"/>
      <line num="15" count="1" type="stmt"/>
      <line num="17" count="5" type="stmt"/>
      <line num="18" count="505" type="cond" truecount="2" falsecount="0"/>
      <line num="19" count="1" type="stmt"/>
      <line num="22" count="4" type="stmt"/>
      <line num="26" count="4" type="stmt"/>
      <line num="30" count="4" type="stmt"/>
      <line num="32" count="4" type="stmt"/>
      <line num="33" count="504" type="stmt"/>
      <line num="34" count="504" type="stmt"/>
      <line num="35" count="504" type="stmt"/>
      <line num="37" count="504" type="stmt"/>
      <line num="43" count="4" type="stmt"/>
      <line num="44" count="3039" type="stmt"/>
      <line num="47" count="4" type="stmt"/>
      <line num="54" count="0" type="stmt"/>
      <line num="56" count="0" type="stmt"/>
      <line num="57" count="0" type="stmt"/>
      <line num="58" count="0" type="stmt"/>
      <line num="59" count="0" type="stmt"/>
      <line num="61" count="0" type="stmt"/>
      <line num="67" count="0" type="stmt"/>
      <line num="68" count="0" type="stmt"/>
      <line num="71" count="0" type="stmt"/>
      <line num="74" count="0" type="stmt"/>
    </file>
    <file name="createArrayFromLines.js" path="/home/antoine/code/codingame/Defibrillators/src/createArrayFromLines.js">
      <metrics statements="10" coveredstatements="10" conditionals="0" coveredconditionals="0" methods="1" coveredmethods="1"/>
      <line num="1" count="3" type="stmt"/>
      <line num="2" count="3" type="stmt"/>
      <line num="3" count="3" type="stmt"/>
      <line num="6" count="7" type="stmt"/>
      <line num="7" count="7" type="stmt"/>
      <line num="8" count="7" type="stmt"/>
      <line num="13" count="7" type="stmt"/>
      <line num="14" count="7" type="stmt"/>
      <line num="15" count="534" type="stmt"/>
      <line num="17" count="7" type="stmt"/>
    </file>
    <file name="defibrilator.js" path="/home/antoine/code/codingame/Defibrillators/src/defibrilator.js">
      <metrics statements="12" coveredstatements="11" conditionals="6" coveredconditionals="5" methods="5" coveredmethods="5"/>
      <line num="6" count="509" type="cond" truecount="2" falsecount="0"/>
      <line num="7" count="1" type="stmt"/>
      <line num="9" count="508" type="cond" truecount="2" falsecount="0"/>
      <line num="10" count="1" type="stmt"/>
      <line num="12" count="507" type="stmt"/>
      <line num="14" count="507" type="stmt"/>
      <line num="19" count="1" type="cond" truecount="1" falsecount="1"/>
      <line num="20" count="0" type="stmt"/>
      <line num="22" count="1" type="stmt"/>
      <line num="33" count="504" type="stmt"/>
      <line num="36" count="1008" type="stmt"/>
      <line num="39" count="4" type="stmt"/>
    </file>
    <file name="factory.js" path="/home/antoine/code/codingame/Defibrillators/src/factory.js">
      <metrics statements="16" coveredstatements="16" conditionals="4" coveredconditionals="4" methods="7" coveredmethods="7"/>
      <line num="10" count="8" type="stmt"/>
      <line num="11" count="8" type="stmt"/>
      <line num="14" count="8" type="cond" truecount="2" falsecount="0"/>
      <line num="15" count="1" type="stmt"/>
      <line num="17" count="7" type="stmt"/>
      <line num="19" count="7" type="cond" truecount="2" falsecount="0"/>
      <line num="20" count="1" type="stmt"/>
      <line num="22" count="6" type="stmt"/>
      <line num="24" count="6" type="stmt"/>
      <line num="25" count="6" type="stmt"/>
      <line num="29" count="6" type="stmt"/>
      <line num="33" count="1" type="stmt"/>
      <line num="37" count="6" type="stmt"/>
      <line num="38" count="506" type="stmt"/>
      <line num="45" count="1" type="stmt"/>
      <line num="49" count="4" type="stmt"/>
    </file>
    <file name="index.js" path="/home/antoine/code/codingame/Defibrillators/src/index.js">
      <metrics statements="18" coveredstatements="8" conditionals="0" coveredconditionals="0" methods="8" coveredmethods="5"/>
      <line num="4" count="14" type="stmt"/>
      <line num="8" count="1" type="stmt"/>
      <line num="15" count="6" type="stmt"/>
      <line num="27" count="2" type="stmt"/>
      <line num="28" count="2" type="stmt"/>
      <line num="29" count="2" type="stmt"/>
      <line num="30" count="6" type="stmt"/>
      <line num="32" count="2" type="stmt"/>
      <line num="39" count="0" type="stmt"/>
      <line num="41" count="0" type="stmt"/>
      <line num="42" count="0" type="stmt"/>
      <line num="43" count="0" type="stmt"/>
      <line num="44" count="0" type="stmt"/>
      <line num="46" count="0" type="stmt"/>
      <line num="52" count="0" type="stmt"/>
      <line num="53" count="0" type="stmt"/>
      <line num="56" count="0" type="stmt"/>
      <line num="59" count="0" type="stmt"/>
    </file>
  </project>
</coverage>
