TN:
SF:src/StringConverter.js
FN:2,(anonymous_0)
FN:9,(anonymous_1)
FNF:2
FNH:1
FNDA:0,(anonymous_0)
FNDA:1528,(anonymous_1)
DA:3,0
DA:10,1528
DA:11,1
DA:13,1527
LF:4
LH:3
BRDA:10,0,0,1
BRDA:10,0,1,1527
BRF:2
BRH:2
end_of_record
TN:
SF:src/User.js
FN:6,(anonymous_0)
FN:11,(anonymous_1)
FN:15,(anonymous_2)
FNF:3
FNH:3
FNDA:7,(anonymous_0)
FNDA:505,(anonymous_1)
FNDA:1009,(anonymous_2)
DA:7,7
DA:8,7
DA:12,505
DA:16,1009
LF:4
LH:4
BRF:0
BRH:0
end_of_record
TN:
SF:src/algorithm.js
FN:8,(anonymous_0)
FN:17,(anonymous_1)
FN:25,(anonymous_2)
FN:29,(anonymous_3)
FN:43,(anonymous_4)
FN:51,findClosestDefibrilator
FN:53,getClosest
FN:67,(anonymous_7)
FNF:8
FNH:5
FNDA:7,(anonymous_0)
FNDA:505,(anonymous_1)
FNDA:4,(anonymous_2)
FNDA:4,(anonymous_3)
FNDA:3039,(anonymous_4)
FNDA:0,findClosestDefibrilator
FNDA:0,getClosest
FNDA:0,(anonymous_7)
DA:9,7
DA:10,1
DA:12,6
DA:14,6
DA:15,1
DA:17,5
DA:18,505
DA:19,1
DA:22,4
DA:26,4
DA:30,4
DA:32,4
DA:33,504
DA:34,504
DA:35,504
DA:37,504
DA:43,4
DA:44,3039
DA:47,4
DA:54,0
DA:56,0
DA:57,0
DA:58,0
DA:59,0
DA:61,0
DA:67,0
DA:68,0
DA:71,0
DA:74,0
LF:29
LH:19
BRDA:9,0,0,1
BRDA:9,0,1,6
BRDA:14,1,0,1
BRDA:14,1,1,5
BRDA:18,2,0,1
BRDA:18,2,1,504
BRF:6
BRH:6
end_of_record
TN:
SF:src/createArrayFromLines.js
FN:5,createArrayFromLines
FNF:1
FNH:1
FNDA:7,createArrayFromLines
DA:1,3
DA:2,3
DA:3,3
DA:6,7
DA:7,7
DA:8,7
DA:13,7
DA:14,7
DA:15,534
DA:17,7
LF:10
LH:10
BRF:0
BRH:0
end_of_record
TN:
SF:src/defibrilator.js
FN:5,(anonymous_0)
FN:18,(anonymous_1)
FN:32,(anonymous_2)
FN:35,(anonymous_3)
FN:38,(anonymous_4)
FNF:5
FNH:5
FNDA:509,(anonymous_0)
FNDA:1,(anonymous_1)
FNDA:504,(anonymous_2)
FNDA:1008,(anonymous_3)
FNDA:4,(anonymous_4)
DA:6,509
DA:7,1
DA:9,508
DA:10,1
DA:12,507
DA:14,507
DA:19,1
DA:20,0
DA:22,1
DA:33,504
DA:36,1008
DA:39,4
LF:12
LH:11
BRDA:6,0,0,1
BRDA:6,0,1,508
BRDA:9,1,0,1
BRDA:9,1,1,507
BRDA:19,2,0,0
BRDA:19,2,1,1
BRF:6
BRH:5
end_of_record
TN:
SF:src/factory.js
FN:13,(anonymous_0)
FN:28,(anonymous_1)
FN:32,(anonymous_2)
FN:36,(anonymous_3)
FN:37,(anonymous_4)
FN:44,(anonymous_5)
FN:48,(anonymous_6)
FNF:7
FNH:7
FNDA:8,(anonymous_0)
FNDA:6,(anonymous_1)
FNDA:1,(anonymous_2)
FNDA:6,(anonymous_3)
FNDA:506,(anonymous_4)
FNDA:1,(anonymous_5)
FNDA:4,(anonymous_6)
DA:10,8
DA:11,8
DA:14,8
DA:15,1
DA:17,7
DA:19,7
DA:20,1
DA:22,6
DA:24,6
DA:25,6
DA:29,6
DA:33,1
DA:37,6
DA:38,506
DA:45,1
DA:49,4
LF:16
LH:16
BRDA:14,0,0,1
BRDA:14,0,1,7
BRDA:19,1,0,1
BRDA:19,1,1,6
BRF:4
BRH:4
end_of_record
TN:
SF:src/index.js
FN:3,toDecimal
FN:7,getUserPosition
FN:14,enrichDefibrilator
FN:26,defibrilatorFactory
FN:29,(anonymous_4)
FN:36,findClosestDefibrilator
FN:38,getClosest
FN:52,(anonymous_7)
FNF:8
FNH:5
FNDA:14,toDecimal
FNDA:1,getUserPosition
FNDA:6,enrichDefibrilator
FNDA:2,defibrilatorFactory
FNDA:6,(anonymous_4)
FNDA:0,findClosestDefibrilator
FNDA:0,getClosest
FNDA:0,(anonymous_7)
DA:4,14
DA:8,1
DA:15,6
DA:27,2
DA:28,2
DA:29,2
DA:30,6
DA:32,2
DA:39,0
DA:41,0
DA:42,0
DA:43,0
DA:44,0
DA:46,0
DA:52,0
DA:53,0
DA:56,0
DA:59,0
LF:18
LH:8
BRF:0
BRH:0
end_of_record
